<?xml version="1.0" encoding="UTF-8"?>
<testsuite name="example.cashcard.CashCardApplicationTests" tests="1" skipped="0" failures="0" errors="0" timestamp="2023-06-04T06:34:39" hostname="DESKTOP-M3SA39K" time="3.496">
  <properties/>
  <testcase name="contextLoads()" classname="example.cashcard.CashCardApplicationTests" time="3.496"/>
  <system-out><![CDATA[12:04:35.403 [Test worker] INFO org.springframework.test.context.support.AnnotationConfigContextLoaderUtils -- Could not detect default configuration classes for test class [example.cashcard.CashCardApplicationTests]: CashCardApplicationTests does not declare any static, non-private, non-final, nested classes annotated with @Configuration.
12:04:35.649 [Test worker] INFO org.springframework.boot.test.context.SpringBootTestContextBootstrapper -- Found @SpringBootConfiguration example.cashcard.CashCardApplication for test class example.cashcard.CashCardApplicationTests

  .   ____          _            __ _ _
 /\\ / ___'_ __ _ _(_)_ __  __ _ \ \ \ \
( ( )\___ | '_ | '_| | '_ \/ _` | \ \ \ \
 \\/  ___)| |_)| | | | | || (_| |  ) ) ) )
  '  |____| .__|_| |_|_| |_\__, | / / / /
 =========|_|==============|___/=/_/_/_/
 :: Spring Boot ::                (v3.1.0)

2023-06-04T12:04:36.753+05:30  INFO 21292 --- [    Test worker] e.cashcard.CashCardApplicationTests      : Starting CashCardApplicationTests using Java 17.0.5 with PID 21292 (started by Vivek in C:\Users\Vivek\Desktop\College\project\cashcard)
2023-06-04T12:04:36.757+05:30  INFO 21292 --- [    Test worker] e.cashcard.CashCardApplicationTests      : No active profile set, falling back to 1 default profile: "default"
2023-06-04T12:04:39.730+05:30  INFO 21292 --- [    Test worker] e.cashcard.CashCardApplicationTests      : Started CashCardApplicationTests in 3.61 seconds (process running for 8.177)
]]></system-out>
  <system-err><![CDATA[]]></system-err>
</testsuite>
